user_admin.login_bp | 2024-11-06 18:20:33,533 | INFO | 7591 | 111111111111
user_admin.login_bp | 2024-11-06 18:20:34,738 | INFO | 7596 | 111111111111
user_admin.login_bp | 2024-11-06 18:20:46,194 | INFO | 7596 | 로그아웃
user_admin.login_bp | 2024-11-06 18:20:46,200 | INFO | 7596 | 로그인 필요
user_admin.login_bp | 2024-11-06 18:20:46,200 | INFO | 7596 | /login 진입...
user_admin.login_bp | 2024-11-06 18:20:46,201 | INFO | 7596 | ...
user_admin.login_bp | 2024-11-06 18:20:47,928 | INFO | 7596 | 로그인 필요
user_admin.login_bp | 2024-11-06 18:20:48,107 | INFO | 7596 | 로그인 성공 홈으로
user_admin.login_bp | 2024-11-06 18:20:48,107 | INFO | 7596 | user_id : {user_info[0]}
user_admin.login_bp | 2024-11-06 18:23:30,635 | INFO | 7977 | 111111111111
user_admin.login_bp | 2024-11-06 18:24:27,349 | INFO | 7977 | 로그인 필요
user_admin.login_bp | 2024-11-06 18:24:27,525 | INFO | 7977 | 로그인 성공 홈으로
user_admin.login_bp | 2024-11-06 18:24:27,525 | INFO | 7977 | user_id : {user_info[0]}
user_admin.login_bp | 2024-11-06 18:40:25,085 | INFO | 7977 | 로그인 필요
user_admin.login_bp | 2024-11-06 18:41:13,165 | INFO | 7977 | 로그인 필요
user_admin.login_bp | 2024-11-06 18:41:24,228 | INFO | 7977 | 회원가입 시도
user_admin.login_bp | 2024-11-06 18:41:35,793 | INFO | 7977 | 회원가입 실패
user_admin.login_bp | 2024-11-06 18:42:06,004 | INFO | 7977 | {name} 님 회원가입 성공
user_admin.login_bp | 2024-11-06 18:42:06,010 | INFO | 7977 | 로그인 필요
user_admin.login_bp | 2024-11-06 18:42:06,010 | INFO | 7977 | /login 진입...
user_admin.login_bp | 2024-11-06 18:42:06,010 | INFO | 7977 | ...
user_admin.login_bp | 2024-11-06 18:42:16,864 | INFO | 7977 | 로그인 필요
user_admin.login_bp | 2024-11-06 18:42:17,028 | INFO | 7977 | 로그인 성공 홈으로
user_admin.login_bp | 2024-11-06 18:42:17,028 | INFO | 7977 | user_id : {user_info[0]}
user_admin.login_bp | 2024-11-06 18:43:23,681 | INFO | 9986 | 111111111111
user_admin.login_bp | 2024-11-06 18:43:24,858 | INFO | 9993 | 111111111111
user_admin.login_bp | 2024-11-06 18:44:03,834 | INFO | 9993 | 로그인 필요
user_admin.login_bp | 2024-11-06 18:44:04,006 | INFO | 9993 | 로그인 성공 홈으로
user_admin.login_bp | 2024-11-06 18:44:04,006 | INFO | 9993 | user_id : {user_info[0]}
user_admin.login_bp | 2024-11-06 18:46:59,501 | INFO | 9993 | 로그인 필요
user_admin.login_bp | 2024-11-06 18:46:59,670 | INFO | 9993 | 로그인 성공 홈으로
user_admin.login_bp | 2024-11-06 18:46:59,670 | INFO | 9993 | user_id : {user_info[0]}
user_admin.login_bp | 2024-11-06 18:53:51,664 | INFO | 10995 | 111111111111
user_admin.login_bp | 2024-11-06 18:54:36,368 | INFO | 11088 | 111111111111
user_admin.login_bp | 2024-11-06 18:56:31,546 | INFO | 11088 | 회원가입 시도
user_admin.login_bp | 2024-11-06 18:56:54,875 | INFO | 11088 | {name} 님 회원가입 성공
user_admin.login_bp | 2024-11-06 18:56:54,879 | INFO | 11088 | 로그인 필요
user_admin.login_bp | 2024-11-06 18:56:54,879 | INFO | 11088 | /login 진입...
user_admin.login_bp | 2024-11-06 18:56:54,880 | INFO | 11088 | ...
user_admin.login_bp | 2024-11-06 18:57:06,109 | INFO | 11088 | 로그인 필요
user_admin.login_bp | 2024-11-06 18:57:06,277 | INFO | 11088 | 로그인 성공 홈으로
user_admin.login_bp | 2024-11-06 18:57:06,277 | INFO | 11088 | user_id : {user_info[0]}
user_admin.login_bp | 2024-11-06 19:00:12,903 | INFO | 11088 | 로그아웃
user_admin.login_bp | 2024-11-06 19:00:12,907 | INFO | 11088 | 로그인 필요
user_admin.login_bp | 2024-11-06 19:00:12,907 | INFO | 11088 | /login 진입...
user_admin.login_bp | 2024-11-06 19:00:12,907 | INFO | 11088 | ...
user_admin.login_bp | 2024-11-06 19:00:27,222 | INFO | 11088 | 회원가입 시도
user_admin.login_bp | 2024-11-06 19:00:44,163 | INFO | 11088 | {name} 님 회원가입 성공
user_admin.login_bp | 2024-11-06 19:00:44,168 | INFO | 11088 | 로그인 필요
user_admin.login_bp | 2024-11-06 19:00:44,168 | INFO | 11088 | /login 진입...
user_admin.login_bp | 2024-11-06 19:00:44,168 | INFO | 11088 | ...
user_admin.login_bp | 2024-11-06 19:00:52,653 | INFO | 11088 | 로그인 필요
user_admin.login_bp | 2024-11-06 19:00:52,822 | INFO | 11088 | 로그인 성공 홈으로
user_admin.login_bp | 2024-11-06 19:00:52,822 | INFO | 11088 | user_id : {user_info[0]}
user_admin.login_bp | 2024-11-06 19:01:12,673 | INFO | 11088 | 로그인 필요
user_admin.login_bp | 2024-11-06 19:01:12,847 | INFO | 11088 | 로그인 성공 홈으로
user_admin.login_bp | 2024-11-06 19:01:12,847 | INFO | 11088 | user_id : {user_info[0]}
user_admin.login_bp | 2024-11-06 19:04:11,730 | INFO | 11088 | 로그인 필요
user_admin.login_bp | 2024-11-06 19:04:11,900 | INFO | 11088 | 로그인 성공 홈으로
user_admin.login_bp | 2024-11-06 19:04:11,900 | INFO | 11088 | user_id : {user_info[0]}
user_admin.login_bp | 2024-11-06 19:07:24,007 | INFO | 12407 | 111111111111
user_admin.login_bp | 2024-11-06 19:08:38,281 | INFO | 12529 | 111111111111
user_admin.login_bp | 2024-11-06 19:09:52,093 | INFO | 12628 | 111111111111
user_admin.login_bp | 2024-11-06 19:11:05,390 | INFO | 12756 | 111111111111
user_admin.login_bp | 2024-11-06 19:17:35,455 | INFO | 13358 | 111111111111
user_admin.login_bp | 2024-11-06 19:18:33,341 | INFO | 13479 | 111111111111
user_admin.login_bp | 2024-11-06 19:19:57,015 | INFO | 13609 | 111111111111
user_admin.login_bp | 2024-11-06 19:20:08,012 | INFO | 13634 | 111111111111
user_admin.login_bp | 2024-11-06 19:28:02,369 | INFO | 14553 | 111111111111
user_admin.login_bp | 2024-11-06 19:31:59,304 | INFO | 14914 | 111111111111
user_admin.login_bp | 2024-11-06 19:32:13,557 | INFO | 14946 | 111111111111
user_admin.login_bp | 2024-11-06 19:33:48,894 | INFO | 15113 | 111111111111
user_admin.login_bp | 2024-11-06 19:34:03,392 | INFO | 15152 | 111111111111
user_admin.login_bp | 2024-11-06 19:34:05,920 | INFO | 15165 | 111111111111
user_admin.login_bp | 2024-11-06 19:42:43,529 | INFO | 15165 | 로그아웃
user_admin.login_bp | 2024-11-06 19:42:43,533 | INFO | 15165 | 로그인 필요
user_admin.login_bp | 2024-11-06 19:42:43,533 | INFO | 15165 | /login 진입...
user_admin.login_bp | 2024-11-06 19:42:43,533 | INFO | 15165 | ...
